D:\CODE\VS2010\BALANCE_ROBOT_0\BALANCE_ROBOT_0\DEBUG\BALANCE_ROBOT_0.EXE.EMBED.MANIFEST
D:\CODE\VS2010\BALANCE_ROBOT_0\BALANCE_ROBOT_0\DEBUG\BALANCE_ROBOT_0.EXE.EMBED.MANIFEST.RES
D:\CODE\VS2010\BALANCE_ROBOT_0\BALANCE_ROBOT_0\DEBUG\BALANCE_ROBOT_0.EXE.INTERMEDIATE.MANIFEST
D:\CODE\VS2010\BALANCE_ROBOT_0\BALANCE_ROBOT_0\DEBUG\BALANCE_ROBOT_0.OBJ
D:\CODE\VS2010\BALANCE_ROBOT_0\BALANCE_ROBOT_0\DEBUG\BALANCE_ROBOT_0.PCH
D:\CODE\VS2010\BALANCE_ROBOT_0\BALANCE_ROBOT_0\DEBUG\BALANCE_ROBOT_0.RES
D:\code\VS2010\balance_robot_0\balance_robot_0\Debug\balance_robot_0.write.1.tlog
D:\code\VS2010\balance_robot_0\balance_robot_0\Debug\balance_robot_0_manifest.rc
D:\CODE\VS2010\BALANCE_ROBOT_0\BALANCE_ROBOT_0\DEBUG\BALANCE_ROBOT_0DLG.OBJ
D:\code\VS2010\balance_robot_0\balance_robot_0\Debug\cl.command.1.tlog
D:\code\VS2010\balance_robot_0\balance_robot_0\Debug\CL.read.1.tlog
D:\code\VS2010\balance_robot_0\balance_robot_0\Debug\CL.write.1.tlog
D:\CODE\VS2010\BALANCE_ROBOT_0\BALANCE_ROBOT_0\DEBUG\JOYSTICK.OBJ
D:\code\VS2010\balance_robot_0\balance_robot_0\Debug\link.command.1.tlog
D:\code\VS2010\balance_robot_0\balance_robot_0\Debug\link.read.1.tlog
D:\code\VS2010\balance_robot_0\balance_robot_0\Debug\link.write.1.tlog
D:\code\VS2010\balance_robot_0\balance_robot_0\Debug\link-cvtres.read.1.tlog
D:\code\VS2010\balance_robot_0\balance_robot_0\Debug\link-cvtres.write.1.tlog
D:\CODE\VS2010\BALANCE_ROBOT_0\BALANCE_ROBOT_0\DEBUG\MSCOMM1.OBJ
D:\code\VS2010\balance_robot_0\balance_robot_0\Debug\mt.command.1.tlog
D:\code\VS2010\balance_robot_0\balance_robot_0\Debug\mt.read.1.tlog
D:\code\VS2010\balance_robot_0\balance_robot_0\Debug\mt.write.1.tlog
D:\code\VS2010\balance_robot_0\balance_robot_0\Debug\rc.command.1.tlog
D:\code\VS2010\balance_robot_0\balance_robot_0\Debug\rc.read.1.tlog
D:\code\VS2010\balance_robot_0\balance_robot_0\Debug\rc.write.1.tlog
D:\CODE\VS2010\BALANCE_ROBOT_0\BALANCE_ROBOT_0\DEBUG\STDAFX.OBJ
D:\CODE\VS2010\BALANCE_ROBOT_0\BALANCE_ROBOT_0\DEBUG\USERCOMM.OBJ
D:\code\VS2010\balance_robot_0\balance_robot_0\Debug\vc100.idb
D:\CODE\VS2010\BALANCE_ROBOT_0\BALANCE_ROBOT_0\DEBUG\VC100.PDB
D:\CODE\VS2010\BALANCE_ROBOT_0\DEBUG\BALANCE_ROBOT_0.EXE
D:\CODE\VS2010\BALANCE_ROBOT_0\DEBUG\BALANCE_ROBOT_0.ILK
D:\CODE\VS2010\BALANCE_ROBOT_0\DEBUG\BALANCE_ROBOT_0.PDB
